{
  "stats": {
    "suites": 1,
    "tests": 5,
    "passes": 5,
    "pending": 0,
    "failures": 0,
    "start": "2021-11-05T14:13:36.525Z",
    "end": "2021-11-05T14:13:57.891Z",
    "duration": 21366,
    "testsRegistered": 5,
    "passPercent": 100,
    "pendingPercent": 0,
    "other": 0,
    "hasOther": false,
    "skipped": 0,
    "hasSkipped": false
  },
  "results": [
    {
      "uuid": "f83cf78e-985c-48e3-9a04-e01b0a324a90",
      "title": "",
      "fullFile": "cypress/integration/test-suite.spec.js",
      "file": "cypress/integration/test-suite.spec.js",
      "beforeHooks": [],
      "afterHooks": [],
      "tests": [],
      "suites": [
        {
          "uuid": "1b1b6973-7ff8-45da-891a-d9b7700897e4",
          "title": "Test suite",
          "fullFile": "",
          "file": "",
          "beforeHooks": [],
          "afterHooks": [],
          "tests": [
            {
              "title": "test case 1",
              "fullTitle": "Test suite test case 1",
              "timedOut": null,
              "duration": 2245,
              "state": "passed",
              "speed": "fast",
              "pass": true,
              "fail": false,
              "pending": false,
              "context": null,
              "code": "cy.visit('http://localhost:3000');\ncy.contains('Login');\ncy.get(':nth-child(1) > input').type('tester01');\ncy.get(':nth-child(2) > input').type('GteteqbQQgSr88SwNExUQv2ydb7xuf8c');\ncy.get('.btn').click();\ncy.contains('Tester Hotel Overview');\ncy.contains('Rooms');\ncy.get('.user > .btn').click();\ncy.contains('Login');",
              "err": {},
              "uuid": "9eb2b09e-673b-491a-b21c-ea10fef75e15",
              "parentUUID": "1b1b6973-7ff8-45da-891a-d9b7700897e4",
              "isHook": false,
              "skipped": false
            },
            {
              "title": "test case 2",
              "fullTitle": "Test suite test case 2",
              "timedOut": null,
              "duration": 5860,
              "state": "passed",
              "speed": "medium",
              "pass": true,
              "fail": false,
              "pending": false,
              "context": null,
              "code": "cy.visit('http://localhost:3000');\ncy.title().should('include', 'Hotel');\ncy.contains('Login');\ncy.get(':nth-child(1) > input').type('tester01');\ncy.get(':nth-child(2) > input').type('GteteqbQQgSr88SwNExUQv2ydb7xuf8c');\ncy.get('.btn').click();\ncy.contains('Rooms');\ncy.get(':nth-child(1) > .btn').click();\ncy.contains('Rooms');\ncy.contains('Create Room');\ncy.get('h2 > .btn').click();\ncy.get(':nth-child(1) > select').select('Double');\ncy.contains('Category');\ncy.get(':nth-child(2) > input').type('1000');\ncy.get(':nth-child(3) > input').type('80');\ncy.get('.checkbox').click();\ncy.get(':nth-child(5) > input').type('3790');\ncy.get(':nth-child(6) > select').select('Sea View');\ncy.contains('Features (Hold Ctrl / ⌘ to select multiple)');\ncy.get('.blue').click();\ncy.contains('Floor 80, Room 1000');\ncy.get(':nth-child(3) > .btn').click();\ncy.title().should('include', 'Hotel');\ncy.get('.user > .btn').click();\ncy.contains('Login');",
              "err": {},
              "uuid": "165bb5e4-d492-4d29-98b0-32c864d6c2e9",
              "parentUUID": "1b1b6973-7ff8-45da-891a-d9b7700897e4",
              "isHook": false,
              "skipped": false
            },
            {
              "title": "test case 3",
              "fullTitle": "Test suite test case 3",
              "timedOut": null,
              "duration": 3794,
              "state": "passed",
              "speed": "fast",
              "pass": true,
              "fail": false,
              "pending": false,
              "context": null,
              "code": "cy.visit('http://localhost:3000');\ncy.title().should('include', 'Hotel');\ncy.contains('Login');\ncy.get(':nth-child(1) > input').type('tester01');\ncy.get(':nth-child(2) > input').type('GteteqbQQgSr88SwNExUQv2ydb7xuf8c');\ncy.get('.btn').click();\ncy.contains('View');\ncy.get('.blocks > :nth-child(2) > .btn').click();\ncy.contains('Clients');\ncy.get('h2 > .btn').click();\ncy.contains('New Client');\ncy.get(':nth-child(1) > input').type('Omar Saifi');\ncy.get(':nth-child(2) > input').type('omaralisaifi@hotmail.com');\ncy.get(':nth-child(3) > input').type('0732365202');\ncy.get('.blue').click();\ncy.contains('Clients');\ncy.get(':nth-child(3) > .btn').click();\ncy.title().should('include', 'Tester');\ncy.get('.user > .btn').click();\ncy.contains('Login');",
              "err": {},
              "uuid": "25b62810-de92-4ebf-a885-86831a935815",
              "parentUUID": "1b1b6973-7ff8-45da-891a-d9b7700897e4",
              "isHook": false,
              "skipped": false
            },
            {
              "title": "test case 4",
              "fullTitle": "Test suite test case 4",
              "timedOut": null,
              "duration": 4316,
              "state": "passed",
              "speed": "fast",
              "pass": true,
              "fail": false,
              "pending": false,
              "context": null,
              "code": "cy.visit('http://localhost:3000');\ncy.title().should('include', 'Hotel');\ncy.contains('Login');\ncy.get(':nth-child(1) > input').type('tester01');\ncy.get(':nth-child(2) > input').type('GteteqbQQgSr88SwNExUQv2ydb7xuf8c');\ncy.get('.btn').click();\ncy.contains('Bills');\ncy.get(':nth-child(3) > .btn').click();\ncy.contains('Bills');\ncy.get('h2 > .btn').click();\ncy.contains('New Bill');\ncy.get('input').type('7995');\ncy.get('.checkbox').click();\ncy.get('.blue').click();\ncy.contains('Bills');\ncy.get(':nth-child(3) > .btn').click();\ncy.title().should('include', 'Tester');\ncy.get('.user > .btn').click();\ncy.contains('Login');",
              "err": {},
              "uuid": "7899ffa3-5e74-4749-b0b9-f8d89512dca6",
              "parentUUID": "1b1b6973-7ff8-45da-891a-d9b7700897e4",
              "isHook": false,
              "skipped": false
            },
            {
              "title": "test case 5",
              "fullTitle": "Test suite test case 5",
              "timedOut": null,
              "duration": 3963,
              "state": "passed",
              "speed": "fast",
              "pass": true,
              "fail": false,
              "pending": false,
              "context": null,
              "code": "cy.visit('http://localhost:3000');\ncy.title().should('include', 'Hotel');\ncy.contains('Login');\ncy.get(':nth-child(1) > input').type('tester01');\ncy.get(':nth-child(2) > input').type('GteteqbQQgSr88SwNExUQv2ydb7xuf8c');\ncy.get('.btn').click();\ncy.contains('Reservations');\ncy.get(':nth-child(4) > .btn').click();\ncy.contains('Create Reservation');\ncy.get('h2 > .btn').click();\ncy.get(':nth-child(1) > input').type('2021-12-23');\ncy.get(':nth-child(2) > input').type('2022-01-04');\ncy.get(':nth-child(3) > select').select('Mikael Eriksson (#2)');\ncy.get(':nth-child(4) > select').select('Floor 1, Room 101');\ncy.get(':nth-child(5) > select').select('ID: 1');\ncy.get('.blue').click();\ncy.contains('Reservations');\ncy.get(':nth-child(3) > .btn').click();\ncy.title().should('include', 'Hotel');\ncy.get('.user > .btn').click();\ncy.contains('Login');",
              "err": {},
              "uuid": "7734289a-ad8e-44bf-b9bf-1b07b514c021",
              "parentUUID": "1b1b6973-7ff8-45da-891a-d9b7700897e4",
              "isHook": false,
              "skipped": false
            }
          ],
          "suites": [],
          "passes": [
            "9eb2b09e-673b-491a-b21c-ea10fef75e15",
            "165bb5e4-d492-4d29-98b0-32c864d6c2e9",
            "25b62810-de92-4ebf-a885-86831a935815",
            "7899ffa3-5e74-4749-b0b9-f8d89512dca6",
            "7734289a-ad8e-44bf-b9bf-1b07b514c021"
          ],
          "failures": [],
          "pending": [],
          "skipped": [],
          "duration": 20178,
          "root": false,
          "rootEmpty": false,
          "_timeout": 2000
        }
      ],
      "passes": [],
      "failures": [],
      "pending": [],
      "skipped": [],
      "duration": 0,
      "root": true,
      "rootEmpty": true,
      "_timeout": 2000
    }
  ],
  "meta": {
    "mocha": {
      "version": "7.0.1"
    },
    "mochawesome": {
      "options": {
        "quiet": false,
        "reportFilename": "mochawesome",
        "saveHtml": true,
        "saveJson": true,
        "consoleReporter": "spec",
        "useInlineDiffs": false,
        "code": true
      },
      "version": "7.0.0"
    },
    "marge": {
      "options": null,
      "version": "6.0.0"
    }
  }
}